<?xml version="1.0" encoding="UTF-8"?>
<!-- Generated by org.testng.reporters.JUnitReportReporter -->
<testsuite hostname="DESKTOP-P3RVJ8R" failures="0" tests="1" name="driverFactory.AppTest" time="5.266" errors="0" timestamp="2024-02-25T16:50:22 IST" skipped="0">
  <testcase classname="driverFactory.AppTest" name="kickStart" time="5.266"/>
</testsuite> <!-- driverFactory.AppTest -->
